
> mediunit-frontend@0.1.0 build
> next build

   ▲ Next.js 14.1.0

   Creating an optimized production build ...
 ✓ Compiled successfully
   Skipping linting
   Checking validity of types ...
   Collecting page data ...
   Generating static pages (0/81) ...
   Generating static pages (20/81) 
   Generating static pages (40/81) 
   Generating static pages (60/81) 
 ✓ Generating static pages (81/81) 
   Finalizing page optimization ...
   Collecting build traces ...
 ⚠ Statically exporting a Next.js application via `next export` disables API routes and middleware.
This command is meant for static-only hosts, and is not necessary to make your application static.
Pages in your application without server-side data dependencies will be automatically statically exported by `next build`, including pages powered by `getStaticProps`.
Learn more: https://nextjs.org/docs/messages/api-routes-static-export

Route (app)                                                Size     First Load JS
┌ ○ /                                                      15.6 kB         115 kB
├ ○ /_not-found                                            0 B                0 B
├ ○ /admin                                                 9.63 kB         104 kB
├ ○ /cart                                                  5.07 kB         105 kB
├ ● /categories/[slug]                                     3.36 kB         108 kB
├   ├ /categories/anesthesie
├   ├ /categories/bloc-operatoire
├   ├ /categories/gants-chirurgicaux
├   └ [+7 more paths]
├ ○ /checkout                                              6.88 kB         105 kB
├ ○ /checkout/success                                      4.6 kB          246 kB
├ ○ /dashboard                                             8.9 kB          250 kB
├ ○ /login                                                 4.9 kB         99.4 kB
├ ● /products/[slug]                                       12.3 kB         117 kB
├   ├ /products/kit-peridural-egemen
├   ├ /products/neo176550g-syringe-a-embout-de-catheter--
├   ├ /products/coloplast-poche-uro-2-pieces
├   └ [+54 more paths]
├ ○ /register                                              5.94 kB         100 kB
├ ○ /robots.txt                                            0 B                0 B
├ ○ /search                                                5.27 kB         105 kB
└ ○ /sitemap.xml                                           0 B                0 B
+ First Load JS shared by all                              84.5 kB
  ├ chunks/69-069dbe6473442e4e.js                          29 kB
  ├ chunks/fd9d1056-0891f9d2ac4612d2.js                    53.4 kB
  └ other shared chunks (total)                            2.08 kB


ƒ Middleware                                               41.9 kB

○  (Static)  prerendered as static content
●  (SSG)     prerendered as static HTML (uses getStaticProps)

